   Compiling sempal v9.0.0 (X:\sempal)
warning: unused import: `std::net::TcpListener`
   --> src\issue_gateway\api.rs:329:9
    |
329 |     use std::net::TcpListener;
    |         ^^^^^^^^^^^^^^^^^^^^^
    |
    = note: `#[warn(unused_imports)]` (part of `#[warn(unused)]`) on by default

warning: unused imports: `Arc` and `Mutex`
   --> src\issue_gateway\api.rs:330:21
    |
330 |     use std::sync::{Arc, Mutex};
    |                     ^^^  ^^^^^

warning: unused import: `std::thread`
   --> src\issue_gateway\api.rs:331:9
    |
331 |     use std::thread;
    |         ^^^^^^^^^^^

warning: unused import: `std::fs`
 --> src\sample_sources\library\tests.rs:4:5
  |
4 | use std::fs;
  |     ^^^^^^^

warning: use of deprecated method `cpal::traits::DeviceTrait::name`: Use `description()` for comprehensive device information including name, manufacturer, and device type. Use `id()` for a unique, stable device identifier that persists across reboots and reconnections.
 --> src\audio\device.rs:4:12
  |
4 |     device.name().ok()
  |            ^^^^
  |
  = note: `#[warn(deprecated)]` on by default

error[E0277]: the trait bound `i32: From<i24>` is not satisfied
   --> src\audio\decoder.rs:172:46
    |
172 | ...                   self.buffer.push(i32::from(buf.chan(chan)[frame]) as f32 / 8388608.0);
    |                                        ^^^ the trait `From<i24>` is not implemented for `i32`
    |
    = help: the following other types implement trait `From<T>`:
              `i32` implements `From<bool>`
              `i32` implements `From<deranged::RangedI32<MIN, MAX>>`
              `i32` implements `From<dpi::LogicalUnit<P>>`
              `i32` implements `From<dpi::PhysicalUnit<P>>`
              `i32` implements `From<i16>`
              `i32` implements `From<i8>`
              `i32` implements `From<jiff::util::rangeint::ri128<MIN, MAX>>`
              `i32` implements `From<jiff::util::rangeint::ri16<MIN, MAX>>`
            and 9 others

error[E0277]: the trait bound `u32: From<u24>` is not satisfied
   --> src\audio\decoder.rs:181:46
    |
181 | ...                   self.buffer.push(u32::from(buf.chan(chan)[frame]) as f32 / 8388608.0 - 1.0);
    |                                        ^^^ the trait `From<u24>` is not implemented for `u32`
    |
    = help: the following other types implement trait `From<T>`:
              `u32` implements `From<&clipboard_win::formats::Bitmap>`
              `u32` implements `From<&clipboard_win::formats::FileList>`
              `u32` implements `From<&clipboard_win::formats::Html>`
              `u32` implements `From<&clipboard_win::formats::RawData>`
              `u32` implements `From<&clipboard_win::formats::Unicode>`
              `u32` implements `From<bitstream_io::BitCount<MAX>>`
              `u32` implements `From<bitstream_io::SignedBitCount<MAX>>`
              `u32` implements `From<bool>`
            and 29 others

warning: use of deprecated method `egui::Ui::allocate_ui_at_rect`: Use `allocate_new_ui` instead
   --> src\egui_app\ui\sources_panel\mod.rs:170:16
    |
170 |             ui.allocate_ui_at_rect(folder_rect, |ui| {
    |                ^^^^^^^^^^^^^^^^^^^

warning: use of deprecated method `egui::Ui::allocate_ui_at_rect`: Use `allocate_new_ui` instead
   --> src\egui_app\ui\sources_panel\mod.rs:181:16
    |
181 |             ui.allocate_ui_at_rect(drop_targets_rect, |ui| {
    |                ^^^^^^^^^^^^^^^^^^^

warning: unused import: `crate::audio::Source`
 --> src\analysis\audio_decode.rs:4:5
  |
4 | use crate::audio::Source;
  |     ^^^^^^^^^^^^^^^^^^^^

warning: unused variable: `byte_len`
  --> src\analysis\audio\decode_io.rs:48:9
   |
48 |     let byte_len = file.metadata().map(|meta| meta.len()).unwrap_or(0) as u64;
   |         ^^^^^^^^ help: if this is intentional, prefix it with an underscore: `_byte_len`
   |
   = note: `#[warn(unused_variables)]` (part of `#[warn(unused)]`) on by default

error[E0596]: cannot borrow `source` as mutable, as it is not declared as mutable
   --> src\audio\player\helpers.rs:144:9
    |
144 |         source
    |         ^^^^^^ cannot borrow as mutable
    |
help: consider changing this to be mutable
    |
143 |         let mut source = decoder_from_bytes(bytes)?;
    |             +++

warning: variable does not need to be mutable
  --> src\audio\decoder.rs:36:13
   |
36 |         let mut reader = probed.format;
   |             ----^^^^^^
   |             |
   |             help: remove this `mut`
   |
   = note: `#[warn(unused_mut)]` (part of `#[warn(unused)]`) on by default

warning: variable does not need to be mutable
  --> src\egui_app\ui\sources_panel\mod.rs:86:17
   |
86 |             let mut drop_targets_height = self
   |                 ----^^^^^^^^^^^^^^^^^^^
   |                 |
   |                 help: remove this `mut`

warning: variable does not need to be mutable
  --> src\http_client.rs:69:9
   |
69 |     let mut reader = response.into_reader();
   |         ----^^^^^^
   |         |
   |         help: remove this `mut`

warning: variable does not need to be mutable
  --> src\http_client.rs:89:9
   |
89 |     let mut reader = response.into_reader();
   |         ----^^^^^^
   |         |
   |         help: remove this `mut`

warning: unused variable: `dir`
   --> src\issue_gateway\token_store.rs:501:20
    |
501 | fn sync_parent_dir(dir: &Path) -> Result<(), IssueTokenStoreError> {
    |                    ^^^ help: if this is intentional, prefix it with an underscore: `_dir`

warning: variable does not need to be mutable
   --> src\wav_sanitize.rs:186:9
    |
186 |     let mut changed = false;
    |         ----^^^^^^^
    |         |
    |         help: remove this `mut`

warning: variable does not need to be mutable
   --> src\waveform\mod.rs:383:9
    |
383 |     let mut file = std::fs::File::open(path).map_err(|source| WaveformLoadError::Read {
    |         ----^^^^
    |         |
    |         help: remove this `mut`

Some errors have detailed explanations: E0277, E0596.
For more information about an error, try `rustc --explain E0277`.
warning: `sempal` (lib test) generated 16 warnings
error: could not compile `sempal` (lib test) due to 3 previous errors; 16 warnings emitted
